FILE    : 03_Batch.BTP                       Mar  7/2026
MOF Forest Analysis and Inventory Branch     BatchTIPSY Version 4.7
                                             SINDEX Version 1.54

     21000  0.0   0.0     0.0      0   0.0     0.0      0   0   0      0 
     21000  0.0  10.0     0.0      0   0.8     3.0    797   6   0      4 
     21000  0.0  20.0     1.3     13   8.2     8.1    769  41  66     13 
     21000  0.0  30.0    67.6     88  17.4    13.4    756  81  71     18 
     21000  0.0  40.0   175.7    205  23.4    18.2    751  88  68     15 
     21000  0.0  50.0   293.3    333  27.2    22.3    747  88  57      8 
     21000  0.0  60.0   406.2    455  29.9    25.7    736  88  51      4 
     21000  0.0  70.0   511.8    570  32.2    28.6    722  87  47      5 
     21000  0.0  80.0   603.8    673  34.1    31.1    706  87  45      9 
     21000  0.0  90.0   688.3    769  35.8    33.1    686  87  44     12 
     21000  0.0 100.0   768.9    862  37.4    34.9    664  86  42     14 
     21000  0.0 110.0   840.4    947  39.0    36.4    639  86  41     17 
     21000  0.0 120.0   906.9   1028  40.3    37.7    621  85  40     20 
     21000  0.0 130.0   968.1   1105  41.6    38.9    602  85  39     21 
     21000  0.0 140.0  1024.9   1178  42.8    39.9    583  84  38     18 
     21000  0.0 150.0  1024.9   1178  42.8    39.9    583  84  38     18 
     21000  0.0 160.0  1024.9   1178  42.8    39.9    583  84  38     18 
     21000  0.0 170.0  1024.9   1178  42.8    39.9    583  84  38     18 
     21000  0.0 180.0  1024.9   1178  42.8    39.9    583  84  38     18 
     21000  0.0 190.0  1024.9   1178  42.8    39.9    583  84  38     18 
     21000  0.0 200.0  1024.9   1178  42.8    39.9    583  84  38     18 
     21000  0.0 210.0  1024.9   1178  42.8    39.9    583  84  38     18 
     21000  0.0 220.0  1024.9   1178  42.8    39.9    583  84  38     18 
     21000  0.0 230.0  1024.9   1178  42.8    39.9    583  84  38     18 
     21000  0.0 240.0  1024.9   1178  42.8    39.9    583  84  38     18 
     21000  0.0 250.0  1024.9   1178  42.8    39.9    583  84  38     18 
     21000  0.0 260.0  1024.9   1178  42.8    39.9    583  84  38     18 
     21000  0.0 270.0  1024.9   1178  42.8    39.9    583  84  38     18 
     21000  0.0 280.0  1024.9   1178  42.8    39.9    583  84  38     18 
     21000  0.0 290.0  1024.9   1178  42.8    39.9    583  84  38     18 
     21000  0.0 300.0  1024.9   1178  42.8    39.9    583  84  38     18 
     21000  0.0 310.0  1024.9   1178  42.8    39.9    583  84  38     18 
     21000  0.0 320.0  1024.9   1178  42.8    39.9    583  84  38     18 
     21000  0.0 330.0  1024.9   1178  42.8    39.9    583  84  38     18 
     21000  0.0 340.0  1024.9   1178  42.8    39.9    583  84  38     18 
     21000  0.0 350.0  1024.9   1178  42.8    39.9    583  84  38     18 
     23000  0.0   0.0     0.0      0   0.0     0.0      0   0   0      0 
     23000  0.0  10.0     0.0      1   3.1     4.4    850  13   0      6 
     23000  0.0  20.0    36.0     56  14.3    11.4    821  76  69     16 
     23000  0.0  30.0   192.0    223  23.4    18.1    813  95  68     20 
     23000  0.0  40.0   370.9    414  28.4    23.8    806  95  55     14 
     23000  0.0  50.0   553.5    610  32.2    28.5    786  95  48      8 
     23000  0.0  60.0   712.8    784  35.1    32.3    758  95  44     11 
     23000  0.0  70.0   869.5    960  38.0    35.4    716  94  42     19 
     23000  0.0  80.0  1013.5   1125  40.6    37.9    678  94  40     25 
     23000  0.0  90.0  1153.4   1291  43.2    40.0    638  93  38     33 
     23000  0.0 100.0  1153.4   1291  43.2    40.0    638  93  38     33 
     23000  0.0 110.0  1153.4   1291  43.2    40.0    638  93  38     33 
     23000  0.0 120.0  1153.4   1291  43.2    40.0    638  93  38     33 
     23000  0.0 130.0  1153.4   1291  43.2    40.0    638  93  38     33 
     23000  0.0 140.0  1153.4   1291  43.2    40.0    638  93  38     33 
     23000  0.0 150.0  1153.4   1291  43.2    40.0    638  93  38     33 
     23000  0.0 160.0  1153.4   1291  43.2    40.0    638  93  38     33 
     23000  0.0 170.0  1153.4   1291  43.2    40.0    638  93  38     33 
     23000  0.0 180.0  1153.4   1291  43.2    40.0    638  93  38     33 
     23000  0.0 190.0  1153.4   1291  43.2    40.0    638  93  38     33 
     23000  0.0 200.0  1153.4   1291  43.2    40.0    638  93  38     33 
     23000  0.0 210.0  1153.4   1291  43.2    40.0    638  93  38     33 
     23000  0.0 220.0  1153.4   1291  43.2    40.0    638  93  38     33 
     23000  0.0 230.0  1153.4   1291  43.2    40.0    638  93  38     33 
     23000  0.0 240.0  1153.4   1291  43.2    40.0    638  93  38     33 
     23000  0.0 250.0  1153.4   1291  43.2    40.0    638  93  38     33 
     23000  0.0 260.0  1153.4   1291  43.2    40.0    638  93  38     33 
     23000  0.0 270.0  1153.4   1291  43.2    40.0    638  93  38     33 
     23000  0.0 280.0  1153.4   1291  43.2    40.0    638  93  38     33 
     23000  0.0 290.0  1153.4   1291  43.2    40.0    638  93  38     33 
     23000  0.0 300.0  1153.4   1291  43.2    40.0    638  93  38     33 
     23000  0.0 310.0  1153.4   1291  43.2    40.0    638  93  38     33 
     23000  0.0 320.0  1153.4   1291  43.2    40.0    638  93  38     33 
     23000  0.0 330.0  1153.4   1291  43.2    40.0    638  93  38     33 
     23000  0.0 340.0  1153.4   1291  43.2    40.0    638  93  38     33 
     23000  0.0 350.0  1153.4   1291  43.2    40.0    638  93  38     33 
     21001  0.0   0.0     0.0      0   0.0     0.0      0   0   0      0 
     21001  0.0  10.0     0.0      0   1.1     2.9    677   9   0      5 
     21001  0.0  20.0     1.8     12   8.7     8.0    642  41  71     16 
     21001  0.0  30.0    39.1     57  15.8    12.9    626  63  74     21 
     21001  0.0  40.0   101.9    126  20.8    17.3    622  70  71     17 
     21001  0.0  50.0   171.2    202  24.2    21.2    619  72  64      9 
     21001  0.0  60.0   244.6    282  27.0    24.5    614  73  59      5 
     21001  0.0  70.0   316.3    360  29.2    27.4    608  73  55      2 
     21001  0.0  80.0   379.9    430  31.0    29.9    600  73  53      2 
     21001  0.0  90.0   444.2    502  32.6    32.0    591  73  50      4 
     21001  0.0 100.0   502.6    568  34.0    33.8    581  72  49      4 
     21001  0.0 110.0   556.2    630  35.3    35.5    570  72  48      5 
     21001  0.0 120.0   605.8    689  36.4    37.0    559  72  46      6 
     21001  0.0 130.0   652.3    745  37.5    38.3    550  72  46      6 
     21001  0.0 140.0   694.1    797  38.4    39.4    538  72  45      7 
     21001  0.0 150.0   732.0    847  39.4    40.4    524  71  44      8 
     21001  0.0 160.0   766.4    893  40.3    41.3    510  71  44     10 
     21001  0.0 170.0   766.4    893  40.3    41.3    510  71  44     10 
     21001  0.0 180.0   766.4    893  40.3    41.3    510  71  44     10 
     21001  0.0 190.0   766.4    893  40.3    41.3    510  71  44     10 
     21001  0.0 200.0   766.4    893  40.3    41.3    510  71  44     10 
     21001  0.0 210.0   766.4    893  40.3    41.3    510  71  44     10 
     21001  0.0 220.0   766.4    893  40.3    41.3    510  71  44     10 
     21001  0.0 230.0   766.4    893  40.3    41.3    510  71  44     10 
     21001  0.0 240.0   766.4    893  40.3    41.3    510  71  44     10 
     21001  0.0 250.0   766.4    893  40.3    41.3    510  71  44     10 
     21001  0.0 260.0   766.4    893  40.3    41.3    510  71  44     10 
     21001  0.0 270.0   766.4    893  40.3    41.3    510  71  44     10 
     21001  0.0 280.0   766.4    893  40.3    41.3    510  71  44     10 
     21001  0.0 290.0   766.4    893  40.3    41.3    510  71  44     10 
     21001  0.0 300.0   766.4    893  40.3    41.3    510  71  44     10 
     21001  0.0 310.0   766.4    893  40.3    41.3    510  71  44     10 
     21001  0.0 320.0   766.4    893  40.3    41.3    510  71  44     10 
     21001  0.0 330.0   766.4    893  40.3    41.3    510  71  44     10 
     21001  0.0 340.0   766.4    893  40.3    41.3    510  71  44     10 
     21001  0.0 350.0   766.4    893  40.3    41.3    510  71  44     10 
     22001  0.0   0.0     0.0      0   0.0     0.0      0   0   0      0 
     22001  0.0  10.0     0.0      1   3.4     4.1    831  20   0      8 
     22001  0.0  20.0    31.1     50  13.8    11.2    787  72  73     24 
     22001  0.0  30.0   143.0    173  21.4    17.8    777  87  70     27 
     22001  0.0  40.0   281.4    322  26.3    23.5    772  91  60     19 
     22001  0.0  50.0   429.2    481  29.9    28.3    761  92  54     10 
     22001  0.0  60.0   577.7    642  32.9    32.3    744  92  50      7 
     22001  0.0  70.0   719.5    798  35.6    35.8    721  92  47      9 
     22001  0.0  80.0   856.5    952  37.8    38.7    698  92  45     12 
     22001  0.0  90.0   983.5   1104  40.2    41.2    660  91  44     19 
     22001  0.0 100.0   983.5   1104  40.2    41.2    660  91  44     19 
     22001  0.0 110.0   983.5   1104  40.2    41.2    660  91  44     19 
     22001  0.0 120.0   983.5   1104  40.2    41.2    660  91  44     19 
     22001  0.0 130.0   983.5   1104  40.2    41.2    660  91  44     19 
     22001  0.0 140.0   983.5   1104  40.2    41.2    660  91  44     19 
     22001  0.0 150.0   983.5   1104  40.2    41.2    660  91  44     19 
     22001  0.0 160.0   983.5   1104  40.2    41.2    660  91  44     19 
     22001  0.0 170.0   983.5   1104  40.2    41.2    660  91  44     19 
     22001  0.0 180.0   983.5   1104  40.2    41.2    660  91  44     19 
     22001  0.0 190.0   983.5   1104  40.2    41.2    660  91  44     19 
     22001  0.0 200.0   983.5   1104  40.2    41.2    660  91  44     19 
     22001  0.0 210.0   983.5   1104  40.2    41.2    660  91  44     19 
     22001  0.0 220.0   983.5   1104  40.2    41.2    660  91  44     19 
     22001  0.0 230.0   983.5   1104  40.2    41.2    660  91  44     19 
     22001  0.0 240.0   983.5   1104  40.2    41.2    660  91  44     19 
     22001  0.0 250.0   983.5   1104  40.2    41.2    660  91  44     19 
     22001  0.0 260.0   983.5   1104  40.2    41.2    660  91  44     19 
     22001  0.0 270.0   983.5   1104  40.2    41.2    660  91  44     19 
     22001  0.0 280.0   983.5   1104  40.2    41.2    660  91  44     19 
     22001  0.0 290.0   983.5   1104  40.2    41.2    660  91  44     19 
     22001  0.0 300.0   983.5   1104  40.2    41.2    660  91  44     19 
     22001  0.0 310.0   983.5   1104  40.2    41.2    660  91  44     19 
     22001  0.0 320.0   983.5   1104  40.2    41.2    660  91  44     19 
     22001  0.0 330.0   983.5   1104  40.2    41.2    660  91  44     19 
     22001  0.0 340.0   983.5   1104  40.2    41.2    660  91  44     19 
     22001  0.0 350.0   983.5   1104  40.2    41.2    660  91  44     19 
     23001  0.0   0.0     0.0      0   0.0     0.0      0   0   0      0 
     23001  0.0  10.0     0.0      2   3.8     4.4    828  22   0      9 
     23001  0.0  20.0    39.7     60  14.7    11.9    785  74  73     24 
     23001  0.0  30.0   163.6    195  22.3    18.8    777  88  68     27 
     23001  0.0  40.0   320.4    364  27.3    24.9    772  91  59     19 
     23001  0.0  50.0   483.8    538  31.1    29.9    758  92  53      9 
     23001  0.0  60.0   647.9    716  34.2    34.1    739  92  49      7 
     23001  0.0  70.0   805.2    890  36.9    37.7    714  92  46     10 
     23001  0.0  80.0   952.4   1062  39.6    40.7    674  92  44     18 
     23001  0.0  90.0  1086.5   1235  42.2    43.4    625  90  43     23 
     23001  0.0 100.0  1086.5   1235  42.2    43.4    625  90  43     23 
     23001  0.0 110.0  1086.5   1235  42.2    43.4    625  90  43     23 
     23001  0.0 120.0  1086.5   1235  42.2    43.4    625  90  43     23 
     23001  0.0 130.0  1086.5   1235  42.2    43.4    625  90  43     23 
     23001  0.0 140.0  1086.5   1235  42.2    43.4    625  90  43     23 
     23001  0.0 150.0  1086.5   1235  42.2    43.4    625  90  43     23 
     23001  0.0 160.0  1086.5   1235  42.2    43.4    625  90  43     23 
     23001  0.0 170.0  1086.5   1235  42.2    43.4    625  90  43     23 
     23001  0.0 180.0  1086.5   1235  42.2    43.4    625  90  43     23 
     23001  0.0 190.0  1086.5   1235  42.2    43.4    625  90  43     23 
     23001  0.0 200.0  1086.5   1235  42.2    43.4    625  90  43     23 
     23001  0.0 210.0  1086.5   1235  42.2    43.4    625  90  43     23 
     23001  0.0 220.0  1086.5   1235  42.2    43.4    625  90  43     23 
     23001  0.0 230.0  1086.5   1235  42.2    43.4    625  90  43     23 
     23001  0.0 240.0  1086.5   1235  42.2    43.4    625  90  43     23 
     23001  0.0 250.0  1086.5   1235  42.2    43.4    625  90  43     23 
     23001  0.0 260.0  1086.5   1235  42.2    43.4    625  90  43     23 
     23001  0.0 270.0  1086.5   1235  42.2    43.4    625  90  43     23 
     23001  0.0 280.0  1086.5   1235  42.2    43.4    625  90  43     23 
     23001  0.0 290.0  1086.5   1235  42.2    43.4    625  90  43     23 
     23001  0.0 300.0  1086.5   1235  42.2    43.4    625  90  43     23 
     23001  0.0 310.0  1086.5   1235  42.2    43.4    625  90  43     23 
     23001  0.0 320.0  1086.5   1235  42.2    43.4    625  90  43     23 
     23001  0.0 330.0  1086.5   1235  42.2    43.4    625  90  43     23 
     23001  0.0 340.0  1086.5   1235  42.2    43.4    625  90  43     23 
     23001  0.0 350.0  1086.5   1235  42.2    43.4    625  90  43     23 
     22002  0.0   0.0     0.0      0   0.0     0.0      0   0   0      0 
     22002  0.0  10.0     0.0      0   0.2     1.8    627   2   0      2 
     22002  0.0  20.0     0.0      1   3.5     4.6    611  11   0      7 
     22002  0.0  30.0     0.9      9   7.9     8.0    597  30  64     11 
     22002  0.0  40.0    22.0     37  13.8    11.2    589  53  69     11 
     22002  0.0  50.0    64.9     82  18.7    14.3    584  64  71      9 
     22002  0.0  60.0   112.8    135  22.1    17.1    580  67  70      5 
     22002  0.0  70.0   162.6    190  24.7    19.5    577  68  64      2 
     22002  0.0  80.0   211.1    244  26.6    21.7    574  68  59      0 
     22002  0.0  90.0   254.2    292  28.2    23.6    570  67  55      0 
     22002  0.0 100.0   298.4    342  29.6    25.3    564  67  52      0 
     22002  0.0 110.0   338.8    388  30.8    26.8    558  67  50      1 
     22002  0.0 120.0   374.9    429  31.9    28.1    551  66  48      2 
     22002  0.0 130.0   405.9    466  32.7    29.2    545  66  47      5 
     22002  0.0 140.0   433.0    498  33.5    30.3    539  66  46      5 
     22002  0.0 150.0   459.3    531  34.2    31.2    531  65  45      6 
     22002  0.0 160.0   485.2    563  34.9    32.1    524  65  44      6 
     22002  0.0 170.0   508.5    593  35.6    32.8    516  65  44      6 
     22002  0.0 180.0   528.9    620  36.1    33.5    509  64  43      6 
     22002  0.0 190.0   546.5    643  36.7    34.1    502  64  43      6 
     22002  0.0 200.0   562.5    665  37.2    34.7    495  64  42      6 
     22002  0.0 210.0   577.5    687  37.7    35.2    487  63  42      7 
     22002  0.0 220.0   591.3    708  38.2    35.7    479  63  41      7 
     22002  0.0 230.0   603.9    728  38.6    36.1    472  63  41      7 
     22002  0.0 240.0   615.4    746  39.0    36.5    466  62  41      6 
     22002  0.0 250.0   626.0    762  39.4    36.9    460  62  40      6 
     22002  0.0 260.0   635.3    779  39.8    37.2    454  62  40      7 
     22002  0.0 270.0   643.6    795  40.1    37.6    448  61  40      6 
     22002  0.0 280.0   651.3    809  40.4    37.9    443  61  40      6 
     22002  0.0 290.0   657.7    823  40.7    38.1    438  60  39      6 
     22002  0.0 300.0   657.7    823  40.7    38.1    438  60  39      6 
     22002  0.0 310.0   657.7    823  40.7    38.1    438  60  39      6 
     22002  0.0 320.0   657.7    823  40.7    38.1    438  60  39      6 
     22002  0.0 330.0   657.7    823  40.7    38.1    438  60  39      6 
     22002  0.0 340.0   657.7    823  40.7    38.1    438  60  39      6 
     22002  0.0 350.0   657.7    823  40.7    38.1    438  60  39      6 
     21003  0.0   0.0     0.0      0   0.0     0.0      0   0   0      0 
     21003  0.0  10.0     0.0      0   0.2     1.8    645   2   0      2 
     21003  0.0  20.0     0.0      1   3.7     4.8    628  12   0      7 
     21003  0.0  30.0     1.3     10   8.3     8.2    614  32  65     12 
     21003  0.0  40.0    25.7     41  14.3    11.5    605  56  69     13 
     21003  0.0  50.0    72.1     90  19.1    14.6    600  67  71      9 
     21003  0.0  60.0   122.9    146  22.5    17.4    597  69  69      4 
     21003  0.0  70.0   175.4    205  25.0    19.9    593  70  63      2 
     21003  0.0  80.0   226.2    261  27.0    22.1    590  70  58      0 
     21003  0.0  90.0   271.6    311  28.5    24.0    585  69  54      0 
     21003  0.0 100.0   318.1    364  29.9    25.7    579  69  51      0 
     21003  0.0 110.0   360.0    411  31.1    27.2    572  69  49      1 
     21003  0.0 120.0   397.2    454  32.2    28.5    565  68  47      3 
     21003  0.0 130.0   428.7    491  33.0    29.6    559  68  46      5 
     21003  0.0 140.0   457.1    526  33.8    30.7    552  68  46      5 
     21003  0.0 150.0   485.5    561  34.5    31.6    544  67  45      6 
     21003  0.0 160.0   512.3    594  35.2    32.4    536  67  44      6 
     21003  0.0 170.0   536.0    625  35.9    33.2    528  67  43      6 
     21003  0.0 180.0   556.5    652  36.5    33.9    520  66  43      7 
     21003  0.0 190.0   574.7    676  37.0    34.5    513  66  42      6 
     21003  0.0 200.0   591.6    700  37.6    35.1    505  65  42      7 
     21003  0.0 210.0   607.4    723  38.1    35.6    497  65  41      8 
     21003  0.0 220.0   621.7    745  38.6    36.1    489  65  41      8 
     21003  0.0 230.0   634.8    765  39.0    36.5    482  64  41      7 
     21003  0.0 240.0   646.8    783  39.4    36.9    475  64  40      6 
     21003  0.0 250.0   657.3    801  39.8    37.3    469  64  40      8 
     21003  0.0 260.0   667.0    819  40.1    37.6    463  63  40      7 
     21003  0.0 270.0   676.0    835  40.4    37.9    457  63  40      6 
     21003  0.0 280.0   683.5    850  40.7    38.2    452  62  39      7 
     21003  0.0 290.0   690.3    864  41.0    38.5    447  62  39      6 
     21003  0.0 300.0   690.3    864  41.0    38.5    447  62  39      6 
     21003  0.0 310.0   690.3    864  41.0    38.5    447  62  39      6 
     21003  0.0 320.0   690.3    864  41.0    38.5    447  62  39      6 
     21003  0.0 330.0   690.3    864  41.0    38.5    447  62  39      6 
     21003  0.0 340.0   690.3    864  41.0    38.5    447  62  39      6 
     21003  0.0 350.0   690.3    864  41.0    38.5    447  62  39      6 
     22003  0.0   0.0     0.0      0   0.0     0.0      0   0   0      0 
     22003  0.0  10.0     0.0      0   0.3     2.4    739   4   0      3 
     22003  0.0  20.0     0.1      5   5.7     6.5    716  24   0     10 
     22003  0.0  30.0    23.0     40  13.4    11.0    701  61  69     15 
     22003  0.0  40.0    93.5    115  19.8    15.1    694  78  71     14 
     22003  0.0  50.0   176.6    206  24.0    18.8    690  81  66      9 
     22003  0.0  60.0   261.7    299  26.9    22.0    686  81  58      4 
     22003  0.0  70.0   340.5    385  29.2    24.8    679  81  53      2 
     22003  0.0  80.0   417.8    470  31.1    27.1    669  80  49      3 
     22003  0.0  90.0   485.4    546  32.6    29.1    658  80  47      6 
     22003  0.0 100.0   544.0    612  33.9    30.9    647  79  45      7 
     22003  0.0 110.0   598.8    676  35.1    32.4    634  79  44      9 
     22003  0.0 120.0   650.3    737  36.3    33.7    620  79  43     10 
     22003  0.0 130.0   696.8    794  37.4    34.9    605  78  42     11 
     22003  0.0 140.0   738.4    846  38.4    35.9    589  78  41     13 
     22003  0.0 150.0   776.0    894  39.3    36.8    575  77  40     12 
     22003  0.0 160.0   811.2    940  40.2    37.6    563  77  40     13 
     22003  0.0 170.0   842.8    982  40.9    38.3    552  77  39     12 
     22003  0.0 180.0   871.7   1022  41.6    38.9    542  76  39     12 
     22003  0.0 190.0   898.7   1061  42.3    39.5    530  76  39     12 
     22003  0.0 200.0   922.3   1097  42.9    40.0    519  75  38     11 
     22003  0.0 210.0   943.8   1129  43.5    40.5    509  75  38     10 
     22003  0.0 220.0   963.2   1159  44.1    41.0    500  75  37      9 
     22003  0.0 230.0   963.2   1159  44.1    41.0    500  75  37      9 
     22003  0.0 240.0   963.2   1159  44.1    41.0    500  75  37      9 
     22003  0.0 250.0   963.2   1159  44.1    41.0    500  75  37      9 
     22003  0.0 260.0   963.2   1159  44.1    41.0    500  75  37      9 
     22003  0.0 270.0   963.2   1159  44.1    41.0    500  75  37      9 
     22003  0.0 280.0   963.2   1159  44.1    41.0    500  75  37      9 
     22003  0.0 290.0   963.2   1159  44.1    41.0    500  75  37      9 
     22003  0.0 300.0   963.2   1159  44.1    41.0    500  75  37      9 
     22003  0.0 310.0   963.2   1159  44.1    41.0    500  75  37      9 
     22003  0.0 320.0   963.2   1159  44.1    41.0    500  75  37      9 
     22003  0.0 330.0   963.2   1159  44.1    41.0    500  75  37      9 
     22003  0.0 340.0   963.2   1159  44.1    41.0    500  75  37      9 
     22003  0.0 350.0   963.2   1159  44.1    41.0    500  75  37      9 
     23003  0.0   0.0     0.0      0   0.0     0.0      0   0   0      0 
     23003  0.0  10.0     0.0      0   1.3     3.3    699   6   0      4 
     23003  0.0  20.0     4.5     17   9.7     8.8    675  42  68     12 
     23003  0.0  30.0    76.5     95  18.8    14.3    664  74  72     16 
     23003  0.0  40.0   182.5    211  24.5    19.3    660  77  64     13 
     23003  0.0  50.0   291.2    328  28.2    23.5    655  77  55      7 
     23003  0.0  60.0   400.5    446  31.0    27.0    643  77  49      4 
     23003  0.0  70.0   495.5    550  33.3    30.0    630  77  46      6 
     23003  0.0  80.0   581.2    646  35.2    32.4    612  77  44     10 
     23003  0.0  90.0   663.4    740  37.1    34.5    590  76  42     12 
     23003  0.0 100.0   737.9    828  38.9    36.3    566  76  41     15 
     23003  0.0 110.0   806.5    909  40.5    37.8    547  75  40     19 
     23003  0.0 120.0   870.7    989  41.9    39.1    528  75  39     20 
     23003  0.0 130.0   928.6   1062  43.3    40.2    509  75  38     18 
     23003  0.0 140.0   928.6   1062  43.3    40.2    509  75  38     18 
     23003  0.0 150.0   928.6   1062  43.3    40.2    509  75  38     18 
     23003  0.0 160.0   928.6   1062  43.3    40.2    509  75  38     18 
     23003  0.0 170.0   928.6   1062  43.3    40.2    509  75  38     18 
     23003  0.0 180.0   928.6   1062  43.3    40.2    509  75  38     18 
     23003  0.0 190.0   928.6   1062  43.3    40.2    509  75  38     18 
     23003  0.0 200.0   928.6   1062  43.3    40.2    509  75  38     18 
     23003  0.0 210.0   928.6   1062  43.3    40.2    509  75  38     18 
     23003  0.0 220.0   928.6   1062  43.3    40.2    509  75  38     18 
     23003  0.0 230.0   928.6   1062  43.3    40.2    509  75  38     18 
     23003  0.0 240.0   928.6   1062  43.3    40.2    509  75  38     18 
     23003  0.0 250.0   928.6   1062  43.3    40.2    509  75  38     18 
     23003  0.0 260.0   928.6   1062  43.3    40.2    509  75  38     18 
     23003  0.0 270.0   928.6   1062  43.3    40.2    509  75  38     18 
     23003  0.0 280.0   928.6   1062  43.3    40.2    509  75  38     18 
     23003  0.0 290.0   928.6   1062  43.3    40.2    509  75  38     18 
     23003  0.0 300.0   928.6   1062  43.3    40.2    509  75  38     18 
     23003  0.0 310.0   928.6   1062  43.3    40.2    509  75  38     18 
     23003  0.0 320.0   928.6   1062  43.3    40.2    509  75  38     18 
     23003  0.0 330.0   928.6   1062  43.3    40.2    509  75  38     18 
     23003  0.0 340.0   928.6   1062  43.3    40.2    509  75  38     18 
     23003  0.0 350.0   928.6   1062  43.3    40.2    509  75  38     18 
     22004  0.0   0.0     0.0      0   0.0     0.0      0   0   0      0 
     22004  0.0  10.0     0.0      0   1.4     3.0    841  14   0      7 
     22004  0.0  20.0     4.0     18   9.5     8.4    794  55  71     21 
     22004  0.0  30.0    53.9     77  16.4    13.5    775  80  75     28 
     22004  0.0  40.0   131.7    163  21.1    18.1    770  86  70     22 
     22004  0.0  50.0   218.2    257  24.5    22.1    766  89  64     12 
     22004  0.0  60.0   310.8    358  27.2    25.6    760  90  59      5 
     22004  0.0  70.0   399.0    454  29.4    28.5    751  90  55      3 
     22004  0.0  80.0   484.2    548  31.3    31.1    741  90  53      2 
     22004  0.0  90.0   565.7    639  32.9    33.3    730  90  51      4 
     22004  0.0 100.0   641.9    726  34.4    35.3    716  90  49      6 
     22004  0.0 110.0   713.0    808  35.6    37.0    704  90  48      7 
     22004  0.0 120.0   779.7    887  36.8    38.4    692  90  47     10 
     22004  0.0 130.0   840.6    962  38.0    39.8    673  89  46     11 
     22004  0.0 140.0   895.2   1033  39.1    41.0    652  89  46     12 
     22004  0.0 150.0   895.2   1033  39.1    41.0    652  89  46     12 
     22004  0.0 160.0   895.2   1033  39.1    41.0    652  89  46     12 
     22004  0.0 170.0   895.2   1033  39.1    41.0    652  89  46     12 
     22004  0.0 180.0   895.2   1033  39.1    41.0    652  89  46     12 
     22004  0.0 190.0   895.2   1033  39.1    41.0    652  89  46     12 
     22004  0.0 200.0   895.2   1033  39.1    41.0    652  89  46     12 
     22004  0.0 210.0   895.2   1033  39.1    41.0    652  89  46     12 
     22004  0.0 220.0   895.2   1033  39.1    41.0    652  89  46     12 
     22004  0.0 230.0   895.2   1033  39.1    41.0    652  89  46     12 
     22004  0.0 240.0   895.2   1033  39.1    41.0    652  89  46     12 
     22004  0.0 250.0   895.2   1033  39.1    41.0    652  89  46     12 
     22004  0.0 260.0   895.2   1033  39.1    41.0    652  89  46     12 
     22004  0.0 270.0   895.2   1033  39.1    41.0    652  89  46     12 
     22004  0.0 280.0   895.2   1033  39.1    41.0    652  89  46     12 
     22004  0.0 290.0   895.2   1033  39.1    41.0    652  89  46     12 
     22004  0.0 300.0   895.2   1033  39.1    41.0    652  89  46     12 
     22004  0.0 310.0   895.2   1033  39.1    41.0    652  89  46     12 
     22004  0.0 320.0   895.2   1033  39.1    41.0    652  89  46     12 
     22004  0.0 330.0   895.2   1033  39.1    41.0    652  89  46     12 
     22004  0.0 340.0   895.2   1033  39.1    41.0    652  89  46     12 
     22004  0.0 350.0   895.2   1033  39.1    41.0    652  89  46     12 
     22005  0.0   0.0     0.0      0   0.0     0.0      0   0   0      0 
     22005  0.0  10.0     0.0      1   2.4     3.9    870  11   0      6 
     22005  0.0  20.0    21.1     41  12.6    10.4    839  69  69     16 
     22005  0.0  30.0   156.2    184  21.9    16.7    830  96  70     20 
     22005  0.0  40.0   323.6    365  27.1    22.2    825  97  57     14 
     22005  0.0  50.0   491.9    545  30.8    26.7    809  97  50      8 
     22005  0.0  60.0   644.3    711  33.6    30.4    788  97  46      8 
     22005  0.0  70.0   783.7    866  36.1    33.5    757  96  43     14 
     22005  0.0  80.0   917.8   1019  38.7    36.0    717  96  41     19 
     22005  0.0  90.0  1041.1   1162  40.8    38.1    686  95  40     27 
     22005  0.0 100.0  1159.9   1305  43.0    39.9    651  95  38     31 
     22005  0.0 110.0  1159.9   1305  43.0    39.9    651  95  38     31 
     22005  0.0 120.0  1159.9   1305  43.0    39.9    651  95  38     31 
     22005  0.0 130.0  1159.9   1305  43.0    39.9    651  95  38     31 
     22005  0.0 140.0  1159.9   1305  43.0    39.9    651  95  38     31 
     22005  0.0 150.0  1159.9   1305  43.0    39.9    651  95  38     31 
     22005  0.0 160.0  1159.9   1305  43.0    39.9    651  95  38     31 
     22005  0.0 170.0  1159.9   1305  43.0    39.9    651  95  38     31 
     22005  0.0 180.0  1159.9   1305  43.0    39.9    651  95  38     31 
     22005  0.0 190.0  1159.9   1305  43.0    39.9    651  95  38     31 
     22005  0.0 200.0  1159.9   1305  43.0    39.9    651  95  38     31 
     22005  0.0 210.0  1159.9   1305  43.0    39.9    651  95  38     31 
     22005  0.0 220.0  1159.9   1305  43.0    39.9    651  95  38     31 
     22005  0.0 230.0  1159.9   1305  43.0    39.9    651  95  38     31 
     22005  0.0 240.0  1159.9   1305  43.0    39.9    651  95  38     31 
     22005  0.0 250.0  1159.9   1305  43.0    39.9    651  95  38     31 
     22005  0.0 260.0  1159.9   1305  43.0    39.9    651  95  38     31 
     22005  0.0 270.0  1159.9   1305  43.0    39.9    651  95  38     31 
     22005  0.0 280.0  1159.9   1305  43.0    39.9    651  95  38     31 
     22005  0.0 290.0  1159.9   1305  43.0    39.9    651  95  38     31 
     22005  0.0 300.0  1159.9   1305  43.0    39.9    651  95  38     31 
     22005  0.0 310.0  1159.9   1305  43.0    39.9    651  95  38     31 
     22005  0.0 320.0  1159.9   1305  43.0    39.9    651  95  38     31 
     22005  0.0 330.0  1159.9   1305  43.0    39.9    651  95  38     31 
     22005  0.0 340.0  1159.9   1305  43.0    39.9    651  95  38     31 
     22005  0.0 350.0  1159.9   1305  43.0    39.9    651  95  38     31 
     22006  0.0   0.0     0.0      0   0.0     0.0      0   0   0      0 
     22006  0.0  10.0     0.0      0   0.0     1.3    529   1   0      2 
     22006  0.0  20.0     0.0      0   0.1     2.6    518   2   0      5 
     22006  0.0  30.0     0.0      0   2.4     4.3    505   7   0      9 
     22006  0.0  40.0     0.0      2   4.6     6.3    494  16   0     11 
     22006  0.0  50.0     0.2      8   7.9     8.2    485  30   0     11 
     22006  0.0  60.0     8.5     21  11.6    10.2    478  43  68      9 
     22006  0.0  70.0    28.1     42  15.2    12.1    472  51  70      7 
     22006  0.0  80.0    54.3     70  18.2    13.9    468  54  71      4 
     22006  0.0  90.0    81.4    100  20.7    15.6    465  56  71      3 
     22006  0.0 100.0   109.3    131  22.8    17.2    463  57  70      2 
     22006  0.0 110.0   140.0    166  24.6    18.7    460  57  66      0 
     22006  0.0 120.0   170.9    201  26.2    20.1    458  56  61      0 
     22006  0.0 130.0   197.6    232  27.5    21.4    455  56  58      0 
     22006  0.0 140.0   221.6    260  28.6    22.7    453  56  56      0 
     22006  0.0 150.0   246.3    289  29.6    23.8    450  56  54      0 
     22006  0.0 160.0   273.8    321  30.7    24.9    447  55  52      0 
     22006  0.0 170.0   299.6    351  31.7    25.9    444  55  50      0 
     22006  0.0 180.0   324.0    381  32.6    26.8    440  55  48      0 
     22006  0.0 190.0   346.9    409  33.3    27.7    437  54  47      0 
     22006  0.0 200.0   368.4    436  34.1    28.5    433  54  46      0 
     22006  0.0 210.0   387.5    460  34.7    29.3    430  54  45      0 
     22006  0.0 220.0   403.0    481  35.3    30.0    426  53  45      0 
     22006  0.0 230.0   417.6    500  35.8    30.7    422  53  44      0 
     22006  0.0 240.0   431.3    519  36.3    31.3    418  53  44      0 
     22006  0.0 250.0   444.9    537  36.7    31.9    415  53  44      0 
     22006  0.0 260.0   460.7    560  37.3    32.5    410  52  43      1 
     22006  0.0 270.0   475.6    581  37.8    33.0    406  52  42      1 
     22006  0.0 280.0   489.7    601  38.2    33.5    402  52  42      1 
     22006  0.0 290.0   503.0    621  38.7    34.0    398  51  41      1 
     22006  0.0 300.0   503.0    621  38.7    34.0    398  51  41      1 
     22006  0.0 310.0   503.0    621  38.7    34.0    398  51  41      1 
     22006  0.0 320.0   503.0    621  38.7    34.0    398  51  41      1 
     22006  0.0 330.0   503.0    621  38.7    34.0    398  51  41      1 
     22006  0.0 340.0   503.0    621  38.7    34.0    398  51  41      1 
     22006  0.0 350.0   503.0    621  38.7    34.0    398  51  41      1 
     22007  0.0   0.0     0.0      0   0.0     0.0      0   0   0      0 
     22007  0.0  10.0     0.0      0   0.8     3.0    666   5   0      3 
     22007  0.0  20.0     1.1     11   8.2     8.1    643  34  66     11 
     22007  0.0  30.0    56.5     73  17.4    13.4    632  67  71     15 
     22007  0.0  40.0   146.7    171  23.4    18.2    627  73  68     13 
     22007  0.0  50.0   245.0    278  27.2    22.3    624  73  57      7 
     22007  0.0  60.0   339.2    380  29.9    25.7    615  73  51      4 
     22007  0.0  70.0   427.4    476  32.2    28.6    603  73  47      4 
     22007  0.0  80.0   504.2    562  34.1    31.1    590  73  45      7 
     22007  0.0  90.0   574.9    642  35.8    33.1    573  72  44     10 
     22007  0.0 100.0   642.2    720  37.4    34.9    554  72  42     12 
     22007  0.0 110.0   701.8    791  39.0    36.4    534  72  41     14 
     22007  0.0 120.0   757.4    859  40.3    37.7    518  71  40     17 
     22007  0.0 130.0   808.5    922  41.6    38.9    503  71  39     16 
     22007  0.0 140.0   855.9    984  42.8    39.9    487  71  38     16 
     22007  0.0 150.0   855.9    984  42.8    39.9    487  71  38     16 
     22007  0.0 160.0   855.9    984  42.8    39.9    487  71  38     16 
     22007  0.0 170.0   855.9    984  42.8    39.9    487  71  38     16 
     22007  0.0 180.0   855.9    984  42.8    39.9    487  71  38     16 
     22007  0.0 190.0   855.9    984  42.8    39.9    487  71  38     16 
     22007  0.0 200.0   855.9    984  42.8    39.9    487  71  38     16 
     22007  0.0 210.0   855.9    984  42.8    39.9    487  71  38     16 
     22007  0.0 220.0   855.9    984  42.8    39.9    487  71  38     16 
     22007  0.0 230.0   855.9    984  42.8    39.9    487  71  38     16 
     22007  0.0 240.0   855.9    984  42.8    39.9    487  71  38     16 
     22007  0.0 250.0   855.9    984  42.8    39.9    487  71  38     16 
     22007  0.0 260.0   855.9    984  42.8    39.9    487  71  38     16 
     22007  0.0 270.0   855.9    984  42.8    39.9    487  71  38     16 
     22007  0.0 280.0   855.9    984  42.8    39.9    487  71  38     16 
     22007  0.0 290.0   855.9    984  42.8    39.9    487  71  38     16 
     22007  0.0 300.0   855.9    984  42.8    39.9    487  71  38     16 
     22007  0.0 310.0   855.9    984  42.8    39.9    487  71  38     16 
     22007  0.0 320.0   855.9    984  42.8    39.9    487  71  38     16 
     22007  0.0 330.0   855.9    984  42.8    39.9    487  71  38     16 
     22007  0.0 340.0   855.9    984  42.8    39.9    487  71  38     16 
     22007  0.0 350.0   855.9    984  42.8    39.9    487  71  38     16 
     22008  0.0   0.0     0.0      0   0.0     0.0      0   0   0      3 
     22008  0.0  10.0     0.0      0   0.0     0.0      0   0   0      3 
     22008  0.0  20.0     0.0      0   0.0     0.0      0   0   0      3 
     22008  0.0  30.0     0.0      0   0.0     0.0      0   0   0      3 
     22008  0.0  40.0     0.0      0   0.0     0.0      0   0   0      3 
     22008  0.0  50.0     0.0      0   0.0     0.0      0   0   0      3 
     22008  0.0  60.0     0.0      0   0.0     0.0      0   0   0      3 
     22008  0.0  70.0     0.0      0   0.0     0.0      0   0   0      3 
     22008  0.0  80.0     0.0      0   0.0     0.0      0   0   0      3 
     22008  0.0  90.0     0.0      0   0.0     0.0      0   0   0      3 
     22008  0.0 100.0     0.0      0   0.0     0.0      0   0   0      3 
     22008  0.0 110.0     0.0      0   0.0     0.0      0   0   0      3 
     22008  0.0 120.0     0.0      0   0.0     0.0      0   0   0      3 
     22008  0.0 130.0     0.0      0   0.0     0.0      0   0   0      3 
     22008  0.0 140.0     0.0      0   0.0     0.0      0   0   0      3 
     22008  0.0 150.0     0.0      0   0.0     0.0      0   0   0      3 
     22008  0.0 160.0     0.0      0   0.0     0.0      0   0   0      3 
     22008  0.0 170.0     0.0      0   0.0     0.0      0   0   0      3 
     22008  0.0 180.0     0.0      0   0.0     0.0      0   0   0      3 
     22008  0.0 190.0     0.0      0   0.0     0.0      0   0   0      3 
     22008  0.0 200.0     0.0      0   0.0     0.0      0   0   0      3 
     22008  0.0 210.0     0.0      0   0.0     0.0      0   0   0      3 
     22008  0.0 220.0     0.0      0   0.0     0.0      0   0   0      3 
     22008  0.0 230.0     0.0      0   0.0     0.0      0   0   0      3 
     22008  0.0 240.0     0.0      0   0.0     0.0      0   0   0      3 
     22008  0.0 250.0     0.0      0   0.0     0.0      0   0   0      3 
     22008  0.0 260.0     0.0      0   0.0     0.0      0   0   0      3 
     22008  0.0 270.0     0.0      0   0.0     0.0      0   0   0      3 
     22008  0.0 280.0     0.0      0   0.0     0.0      0   0   0      3 
     22008  0.0 290.0     0.0      0   0.0     0.0      0   0   0      3 
     22008  0.0 300.0     0.0      0   0.0     0.0      0   0   0      3 
     22008  0.0 310.0     0.0      0   0.0     0.0      0   0   0      3 
     22008  0.0 320.0     0.0      0   0.0     0.0      0   0   0      3 
     22008  0.0 330.0     0.0      0   0.0     0.0      0   0   0      3 
     22008  0.0 340.0     0.0      0   0.0     0.0      0   0   0      3 
     22008  0.0 350.0     0.0      0   0.0     0.0      0   0   0      3 
